[INFO ] 2022-01-13 20:35:35.372 [main] Base - Instance of Base was returned
[INFO ] 2022-01-13 20:36:33.519 [main] Base - Instance of Base was returned
[ERROR] 2022-01-14 10:20:02.820 [main] JsonReader - Parsing errorsrc/test/resources/wrongTruckTest.json
[ERROR] 2022-01-14 10:21:00.723 [main] JsonReader - Parsing error. File: src/test/resources/wrongTruckTest.json
[ERROR] 2022-01-14 10:25:39.550 [main] JsonReader - Parsing error. File: src/test/resources/wrongTruckTest.json
[ERROR] 2022-01-14 10:41:49.113 [main] JsonReader - Parsing error. File content is wrong. File: src/test/resources/wrongTruckTest.json
[ERROR] 2022-01-14 10:41:49.122 [main] JsonReader - Parsing error. File content is wrong. File: src/main/res/tru.json
[ERROR] 2022-01-14 10:44:25.736 [main] JsonReader - Parsing error. File content is wrong. File: src/test/resources/wrongTruckTest.json
[ERROR] 2022-01-14 10:44:25.741 [main] JsonReader - Parsing error. File content is wrong. File: src/main/res/tru.json
[ERROR] 2022-01-14 10:45:11.014 [main] JsonReader - Parsing error. File content is wrong. File: src/test/resources/wrongTruckTest.json
[ERROR] 2022-01-14 10:45:11.019 [main] JsonReader - Parsing error. File content is wrong. File: src/main/res/tru.json
[ERROR] 2022-01-14 10:45:44.622 [main] JsonReader - Parsing error. File content is wrong. File: src/test/resources/wrongTruckTest.json
[ERROR] 2022-01-14 10:45:44.625 [main] JsonReader - Parsing error. File content is wrong. File: src/main/res/tru.json
[ERROR] 2022-01-14 10:48:33.771 [main] JsonReader - Parsing error. File content is wrong. File: src/test/resources/wrongTruckTest.json
[ERROR] 2022-01-14 10:48:33.774 [main] JsonReader - Parsing error. File content is wrong. File: src/main/res/tru.json
[ERROR] 2022-01-14 10:51:24.013 [main] JsonReader - Parsing error. File content is wrong. File: src/test/resources/wrongTruckTest.json
[ERROR] 2022-01-14 10:51:24.017 [main] JsonReader - Parsing error. File content is wrong. File: src/main/res/tru.json
[ERROR] 2022-01-14 10:55:26.142 [main] JsonReader - Parsing error. File content is wrong. File: src/test/resources/wrongTruckTest.json
[ERROR] 2022-01-14 10:55:26.146 [main] JsonReader - Parsing error. File content is wrong. File: src/main/res/tru.json
[ERROR] 2022-01-14 10:57:30.917 [main] JsonReader - Parsing error. File content is wrong. File: src/test/resources/wrongTruckTest.json
[ERROR] 2022-01-14 10:57:30.920 [main] JsonReader - Parsing error. File content is wrong. File: src/main/res/tru.json
[ERROR] 2022-01-14 11:00:47.286 [main] JsonReader - Parsing error. File CONTENT is wrong. File: src/test/resources/wrongTruckTest.json
[ERROR] 2022-01-14 11:00:47.289 [main] JsonReader - Parsing error. File CONTENT is wrong. File: src/main/res/tru.json
[ERROR] 2022-01-14 11:01:31.384 [main] JsonReader - Parsing error. File CONTENT is wrong. File: src/test/resources/wrongTruckTest.json
[ERROR] 2022-01-14 11:01:31.387 [main] JsonReader - Parsing error. File CONTENT is wrong. File: src/main/res/tru.json
[ERROR] 2022-01-14 11:05:45.234 [main] JsonReader - Parsing error. File CONTENT is wrong. File: src/test/resources/wrongTruckTest.json
[ERROR] 2022-01-14 11:05:45.237 [main] JsonReader - Parsing error. File CONTENT is wrong. File: src/main/res/tru.json
[ERROR] 2022-01-14 11:06:19.212 [main] JsonReader - Parsing error. File CONTENT is wrong. File: src/test/resources/wrongTruckTest.json
[ERROR] 2022-01-14 11:06:19.216 [main] JsonReader - Parsing error. File CONTENT is wrong. File: src/main/res/tru.json
[ERROR] 2022-01-14 11:10:45.410 [main] JsonReader - Parsing error. File CONTENT is wrong. File: src/test/resources/wrongTruckTest.json
[ERROR] 2022-01-14 11:10:45.413 [main] JsonReader - Parsing error. File PATH is wrong. File: src/main/res/tru.json
[ERROR] 2022-01-14 11:13:39.930 [main] JsonReader - Parsing error. File CONTENT is wrong. File: src/test/resources/wrongTruckTest.json
[ERROR] 2022-01-14 11:13:40.001 [main] JsonReader - Parsing error. File PATH is wrong. File: src/main/res/tru.json
[INFO ] 2022-01-14 11:16:46.267 [main] Base - Instance of Base was returned
[INFO ] 2022-01-14 11:22:06.188 [main] Base - Instance of Base was returned
[INFO ] 2022-01-14 11:25:26.824 [main] Base - Instance of Base was returned
[INFO ] 2022-01-14 11:26:08.201 [main] Base - Instance of Base was returned
[ERROR] 2022-01-14 11:29:34.244 [main] JsonReader - Parsing error. File PATH is wrong. File: src/main/res/tru.json
[ERROR] 2022-01-14 11:32:01.098 [main] JsonReader - Parsing error. File PATH is wrong. File: src/main/res/tru.json
[ERROR] 2022-01-14 11:32:01.108 [main] JsonReader - Parsing error. File CONTENT is wrong. File: src/test/resources/wrongTruckTest.json
[ERROR] 2022-01-14 11:32:46.273 [main] JsonReader - Parsing error. File PATH is wrong. File: src/main/res/tru.json
[ERROR] 2022-01-14 11:32:46.282 [main] JsonReader - Parsing error. File CONTENT is wrong. File: src/test/resources/wrongTruckTest.json
